<?xml version="1.0" encoding="UTF-8"?>
<!-- Generated by org.testng.reporters.JUnitXMLReporter -->
<testsuite ignored="0" hostname="Abhays-MacBook-Pro.local" failures="0" tests="1" name="firefoxtest" time="0.031" errors="0" timestamp="2022-10-20T13:35:29 CDT">
  <testcase classname="ArraysandStrings.Crossbrowsertest" name="@BeforeTest setup" time="0.02">
    <failure type="java.lang.NoClassDefFoundError" message="Could not initialize class org.openqa.selenium.remote.service.DriverCommandExecutor">
      <![CDATA[java.lang.NoClassDefFoundError: Could not initialize class org.openqa.selenium.remote.service.DriverCommandExecutor
at org.openqa.selenium.firefox.FirefoxDriver.toExecutor(FirefoxDriver.java:190)
at org.openqa.selenium.firefox.FirefoxDriver.<init>(FirefoxDriver.java:147)
at org.openqa.selenium.firefox.FirefoxDriver.<init>(FirefoxDriver.java:125)
at ArraysandStrings.Crossbrowsertest.setup(Crossbrowsertest.java:22)
... Removed 24 stack frames]]>
    </failure>
  </testcase> <!-- @BeforeTest setup -->
  <testcase classname="ArraysandStrings.Crossbrowsertest" name="testparameter" time="0.0">
    <skipped/>
  </testcase> <!-- testparameter -->
</testsuite> <!-- firefoxtest -->
