<?xml version="1.0" encoding="UTF-8"?>
<!-- Generated by org.testng.reporters.JUnitXMLReporter -->
<testsuite ignored="0" hostname="Abhays-MacBook-Pro.local" failures="0" tests="1" name="Test" time="0.232" errors="0" timestamp="2022-10-20T13:35:29 CDT">
  <testcase classname="ArraysandStrings.Crossbrowsertest" name="@BeforeTest setup" time="0.167">
    <failure type="java.lang.NoClassDefFoundError" message="okhttp3/ConnectionPool">
      <![CDATA[java.lang.NoClassDefFoundError: okhttp3/ConnectionPool
at org.openqa.selenium.remote.internal.OkHttpClient$Factory.<init>(OkHttpClient.java:116)
at org.openqa.selenium.remote.http.HttpClient$Factory.createDefault(HttpClient.java:66)
at org.openqa.selenium.remote.HttpCommandExecutor.<clinit>(HttpCommandExecutor.java:47)
at org.openqa.selenium.chrome.ChromeDriver.<init>(ChromeDriver.java:181)
at org.openqa.selenium.chrome.ChromeDriver.<init>(ChromeDriver.java:168)
at org.openqa.selenium.chrome.ChromeDriver.<init>(ChromeDriver.java:123)
at ArraysandStrings.Crossbrowsertest.setup(Crossbrowsertest.java:29)
Caused by: java.lang.ClassNotFoundException: okhttp3.ConnectionPool
at java.base/jdk.internal.loader.BuiltinClassLoader.loadClass(BuiltinClassLoader.java:602)
at java.base/jdk.internal.loader.ClassLoaders$AppClassLoader.loadClass(ClassLoaders.java:178)
at java.base/java.lang.ClassLoader.loadClass(ClassLoader.java:522)
... 31 more
... Removed 24 stack frames]]>
    </failure>
  </testcase> <!-- @BeforeTest setup -->
  <testcase classname="ArraysandStrings.Crossbrowsertest" name="testparameter" time="0.0">
    <skipped/>
  </testcase> <!-- testparameter -->
</testsuite> <!-- Test -->
